<?xml version="1.0" encoding="UTF-8"?>
<!-- Generated by org.testng.reporters.JUnitXMLReporter -->
<testsuite ignored="0" hostname="Biranchis-MacBook-Pro.local" failures="0" tests="5" name="Amazon testcases" time="106.69" errors="0" timestamp="01 Sep 2023 06:33:29 GMT">
  <testcase classname="com.amazon.web.Testcases.LoginTest" name="@BeforeMethod setUp" time="0.232">
    <failure type="org.openqa.selenium.SessionNotCreatedException" message="Could not start a new session. Response code 500. Message: Could not create a session: The Safari instance is already paired with another WebDriver session. 
Host info: host: &amp;apos;Biranchis-MacBook-Pro.local&amp;apos;, ip: &amp;apos;fe80:0:0:0:83e:7af1:ee5:decf%en0&amp;apos;
Build info: version: &amp;apos;4.9.1&amp;apos;, revision: &amp;apos;eb2032df7f&amp;apos;
System info: os.name: &amp;apos;Mac OS X&amp;apos;, os.arch: &amp;apos;aarch64&amp;apos;, os.version: &amp;apos;11.4&amp;apos;, java.version: &amp;apos;11.0.20&amp;apos;
Driver info: org.openqa.selenium.safari.SafariDriver
Command: [null, newSession {capabilities=[Capabilities {browserName: safari}]}]
Capabilities {browserName: safari}">
      <![CDATA[org.openqa.selenium.SessionNotCreatedException: Could not start a new session. Response code 500. Message: Could not create a session: The Safari instance is already paired with another WebDriver session. 
Host info: host: 'Biranchis-MacBook-Pro.local', ip: 'fe80:0:0:0:83e:7af1:ee5:decf%en0'
Build info: version: '4.9.1', revision: 'eb2032df7f'
System info: os.name: 'Mac OS X', os.arch: 'aarch64', os.version: '11.4', java.version: '11.0.20'
Driver info: org.openqa.selenium.safari.SafariDriver
Command: [null, newSession {capabilities=[Capabilities {browserName: safari}]}]
Capabilities {browserName: safari}
at org.openqa.selenium.remote.ProtocolHandshake.createSession(ProtocolHandshake.java:136)
at org.openqa.selenium.remote.ProtocolHandshake.createSession(ProtocolHandshake.java:94)
at org.openqa.selenium.remote.ProtocolHandshake.createSession(ProtocolHandshake.java:68)
at org.openqa.selenium.remote.HttpCommandExecutor.execute(HttpCommandExecutor.java:165)
at org.openqa.selenium.remote.service.DriverCommandExecutor.invokeExecute(DriverCommandExecutor.java:183)
at org.openqa.selenium.remote.service.DriverCommandExecutor.execute(DriverCommandExecutor.java:158)
at org.openqa.selenium.remote.RemoteWebDriver.execute(RemoteWebDriver.java:543)
at org.openqa.selenium.remote.RemoteWebDriver.startSession(RemoteWebDriver.java:229)
at org.openqa.selenium.remote.RemoteWebDriver.<init>(RemoteWebDriver.java:157)
at org.openqa.selenium.safari.SafariDriver.<init>(SafariDriver.java:86)
at org.openqa.selenium.safari.SafariDriver.<init>(SafariDriver.java:82)
at org.openqa.selenium.safari.SafariDriver.<init>(SafariDriver.java:60)
at com.amazon.web.base.Amazonbase.intialization(Amazonbase.java:58)
at com.amazon.web.Testcases.LoginTest.setUp(LoginTest.java:21)
... Removed 28 stack frames]]>
    </failure>
  </testcase> <!-- @BeforeMethod setUp -->
  <testcase classname="com.amazon.web.Testcases.LoginTest" name="@AfterMethod quit" time="0.0">
    <skipped/>
  </testcase> <!-- @AfterMethod quit -->
  <testcase classname="com.amazon.web.Testcases.LoginTest" name="login_Page_Test" time="0.0">
    <skipped/>
  </testcase> <!-- login_Page_Test -->
  <testcase classname="com.amazon.web.Testcases.AddToCartTest" name="click_Mobile" time="12.743"/>
  <testcase classname="com.amazon.web.Testcases.SearchItemTest" name="pageTitleTest" time="0.016"/>
  <testcase classname="com.amazon.web.Testcases.SearchItemTest" name="pageLogoTest" time="0.032"/>
  <testcase classname="com.amazon.web.Testcases.SearchItemTest" name="searchedItemTest" time="12.241"/>
</testsuite> <!-- Amazon testcases -->
