<?xml version="1.0" encoding="UTF-8"?>
<checkstyle version="8.45.1">
<file name="/Users/biranchiranjanparida/Documents/Swapna/Amazon_web/src/main/java/com/amazon/web/util/TestUtil.java">
<error line="11" column="1" severity="error" message="Missing a Javadoc comment." source="com.puppycrawl.tools.checkstyle.checks.javadoc.MissingJavadocTypeCheck"/>
<error line="13" column="5" severity="error" message="Missing a Javadoc comment." source="com.puppycrawl.tools.checkstyle.checks.javadoc.JavadocVariableCheck"/>
<error line="13" column="24" severity="error" message="Variable &apos;durationSeconds&apos; must be private and have accessor methods." source="com.puppycrawl.tools.checkstyle.checks.design.VisibilityModifierCheck"/>
<error line="14" column="5" severity="error" message="Missing a Javadoc comment." source="com.puppycrawl.tools.checkstyle.checks.javadoc.JavadocVariableCheck"/>
<error line="14" column="24" severity="error" message="Variable &apos;durationMilliSeconds&apos; must be private and have accessor methods." source="com.puppycrawl.tools.checkstyle.checks.design.VisibilityModifierCheck"/>
<error line="16" column="5" severity="error" message="Missing a Javadoc comment." source="com.puppycrawl.tools.checkstyle.checks.javadoc.MissingJavadocMethodCheck"/>
</file>
<file name="/Users/biranchiranjanparida/Documents/Swapna/Amazon_web/src/main/java/com/amazon/web/pages/AddToCart.java">
<error line="1" severity="error" message="File does not end with a newline." source="com.puppycrawl.tools.checkstyle.checks.NewlineAtEndOfFileCheck"/>
<error line="8" column="1" severity="error" message="Missing a Javadoc comment." source="com.puppycrawl.tools.checkstyle.checks.javadoc.MissingJavadocTypeCheck"/>
<error line="23" column="5" severity="error" message="Missing a Javadoc comment." source="com.puppycrawl.tools.checkstyle.checks.javadoc.MissingJavadocMethodCheck"/>
</file>
<file name="/Users/biranchiranjanparida/Documents/Swapna/Amazon_web/src/main/java/com/amazon/web/pages/LoginPage.java">
<error line="8" column="1" severity="error" message="Missing a Javadoc comment." source="com.puppycrawl.tools.checkstyle.checks.javadoc.MissingJavadocTypeCheck"/>
<error line="30" column="5" severity="error" message="Missing a Javadoc comment." source="com.puppycrawl.tools.checkstyle.checks.javadoc.MissingJavadocMethodCheck"/>
<error line="36" column="5" severity="error" message="Missing a Javadoc comment." source="com.puppycrawl.tools.checkstyle.checks.javadoc.MissingJavadocMethodCheck"/>
<error line="42" column="5" severity="error" message="Missing a Javadoc comment." source="com.puppycrawl.tools.checkstyle.checks.javadoc.MissingJavadocMethodCheck"/>
<error line="44" column="8" severity="error" message="&apos;method def&apos; child has incorrect indentation level 7, expected level should be 8." source="com.puppycrawl.tools.checkstyle.checks.indentation.IndentationCheck"/>
<error line="48" column="5" severity="error" message="Missing a Javadoc comment." source="com.puppycrawl.tools.checkstyle.checks.javadoc.MissingJavadocMethodCheck"/>
<error line="57" column="4" severity="error" message="Comment has incorrect indentation level 3, expected is 4, indentation should be the same level as line 58." source="com.puppycrawl.tools.checkstyle.checks.indentation.CommentsIndentationCheck"/>
<error line="58" column="5" severity="error" message="Missing a Javadoc comment." source="com.puppycrawl.tools.checkstyle.checks.javadoc.MissingJavadocMethodCheck"/>
<error line="64" column="5" severity="error" message="Missing a Javadoc comment." source="com.puppycrawl.tools.checkstyle.checks.javadoc.MissingJavadocMethodCheck"/>
</file>
<file name="/Users/biranchiranjanparida/Documents/Swapna/Amazon_web/src/main/java/com/amazon/web/pages/SearchItem.java">
<error line="4" column="1" severity="error" message="&apos;import&apos; has more than 1 empty lines before." source="com.puppycrawl.tools.checkstyle.checks.whitespace.EmptyLineSeparatorCheck"/>
<error line="10" column="1" severity="error" message="Missing a Javadoc comment." source="com.puppycrawl.tools.checkstyle.checks.javadoc.MissingJavadocTypeCheck"/>
<error line="39" column="5" severity="error" message="Missing a Javadoc comment." source="com.puppycrawl.tools.checkstyle.checks.javadoc.MissingJavadocMethodCheck"/>
</file>
<file name="/Users/biranchiranjanparida/Documents/Swapna/Amazon_web/src/main/java/com/amazon/web/base/Amazonbase.java">
<error line="10" column="1" severity="error" message="Extra separation in import group before &apos;org.openqa.selenium.WebDriver&apos;" source="com.puppycrawl.tools.checkstyle.checks.imports.ImportOrderCheck"/>
<error line="15" column="1" severity="error" message="Wrong order for &apos;com.amazon.web.util.TestUtil&apos; import." source="com.puppycrawl.tools.checkstyle.checks.imports.ImportOrderCheck"/>
<error line="18" column="1" severity="error" message="Missing a Javadoc comment." source="com.puppycrawl.tools.checkstyle.checks.javadoc.MissingJavadocTypeCheck"/>
<error line="18" column="1" severity="error" message="Utility classes should not have a public or default constructor." source="com.puppycrawl.tools.checkstyle.checks.design.HideUtilityClassConstructorCheck"/>
<error line="20" column="5" severity="error" message="Missing a Javadoc comment." source="com.puppycrawl.tools.checkstyle.checks.javadoc.JavadocVariableCheck"/>
<error line="20" column="29" severity="error" message="Variable &apos;driver&apos; must be private and have accessor methods." source="com.puppycrawl.tools.checkstyle.checks.design.VisibilityModifierCheck"/>
<error line="23" column="5" severity="error" message="Missing a Javadoc comment." source="com.puppycrawl.tools.checkstyle.checks.javadoc.JavadocVariableCheck"/>
<error line="23" column="5" severity="error" message="Variable access definition in wrong order." source="com.puppycrawl.tools.checkstyle.checks.coding.DeclarationOrderCheck"/>
<error line="23" column="33" severity="error" message="Variable &apos;props&apos; must be private and have accessor methods." source="com.puppycrawl.tools.checkstyle.checks.design.VisibilityModifierCheck"/>
<error line="24" column="5" severity="error" message="Variable access definition in wrong order." source="com.puppycrawl.tools.checkstyle.checks.coding.DeclarationOrderCheck"/>
<error line="24" column="28" severity="error" message="Variable &apos;objfile&apos; must be private and have accessor methods." source="com.puppycrawl.tools.checkstyle.checks.design.VisibilityModifierCheck"/>
<error line="26" column="5" severity="error" message="Missing a Javadoc comment." source="com.puppycrawl.tools.checkstyle.checks.javadoc.MissingJavadocMethodCheck"/>
<error line="31" column="29" severity="error" message="&apos;objfile&apos; hides a field." source="com.puppycrawl.tools.checkstyle.checks.coding.HiddenFieldCheck"/>
<error line="32" column="13" severity="error" message="&apos;+&apos; has incorrect indentation level 12, expected level should be 16." source="com.puppycrawl.tools.checkstyle.checks.indentation.IndentationCheck"/>
<error line="39" column="11" severity="error" message="Catching &apos;Exception&apos; is not allowed." source="com.puppycrawl.tools.checkstyle.checks.coding.IllegalCatchCheck"/>
<error line="46" column="5" severity="error" message="Missing a Javadoc comment." source="com.puppycrawl.tools.checkstyle.checks.javadoc.MissingJavadocMethodCheck"/>
<error line="50" column="31" severity="error" message="String literal expressions should be on the left side of an equals comparison." source="com.puppycrawl.tools.checkstyle.checks.coding.EqualsAvoidNullCheck"/>
<error line="58" column="16" severity="error" message="&apos;if&apos; is not followed by whitespace." source="com.puppycrawl.tools.checkstyle.checks.whitespace.WhitespaceAfterCheck"/>
<error line="58" column="37" severity="error" message="String literal expressions should be on the left side of an equals comparison." source="com.puppycrawl.tools.checkstyle.checks.coding.EqualsAvoidNullCheck"/>
</file>
<file name="/Users/biranchiranjanparida/Documents/Swapna/Amazon_web/src/test/java/com/amazon/web/extent_report_list/AmazonExtentReport.java">
<error line="1" column="9" severity="error" message="Name &apos;com.amazon.web.extent_report_list&apos; must match pattern &apos;^[a-z]+(\.[a-z][a-z0-9]*)*$&apos;." source="com.puppycrawl.tools.checkstyle.checks.naming.PackageNameCheck"/>
<error line="19" column="1" severity="error" message="Missing a Javadoc comment." source="com.puppycrawl.tools.checkstyle.checks.javadoc.MissingJavadocTypeCheck"/>
<error line="23" column="5" severity="error" message="Missing a Javadoc comment." source="com.puppycrawl.tools.checkstyle.checks.javadoc.MissingJavadocMethodCheck"/>
<error line="25" column="1" severity="error" message="File contains tab characters (this is the first instance)." source="com.puppycrawl.tools.checkstyle.checks.whitespace.FileTabCharacterCheck"/>
<error line="40" column="12" severity="error" message="&apos;for rcurly&apos; has incorrect indentation level 11, expected level should be 12." source="com.puppycrawl.tools.checkstyle.checks.indentation.IndentationCheck"/>
<error line="46" column="3" severity="error" message="&apos;method def rcurly&apos; has incorrect indentation level 2, expected level should be 4." source="com.puppycrawl.tools.checkstyle.checks.indentation.IndentationCheck"/>
<error line="48" column="1" severity="error" message="&apos;method def modifier&apos; has incorrect indentation level 0, expected level should be 4." source="com.puppycrawl.tools.checkstyle.checks.indentation.IndentationCheck"/>
<error line="52" column="17" severity="error" message="&apos;if&apos; has incorrect indentation level 16, expected level should be 8." source="com.puppycrawl.tools.checkstyle.checks.indentation.IndentationCheck"/>
<error line="54" column="9" severity="error" message="&apos;for&apos; has incorrect indentation level 8, expected level should be 12." source="com.puppycrawl.tools.checkstyle.checks.indentation.IndentationCheck"/>
<error line="61" column="25" severity="error" message="&apos;for&apos; has incorrect indentation level 24, expected level should be 16." source="com.puppycrawl.tools.checkstyle.checks.indentation.IndentationCheck"/>
<error line="63" column="33" severity="error" message="&apos;for&apos; child has incorrect indentation level 32, expected level should be 20." source="com.puppycrawl.tools.checkstyle.checks.indentation.IndentationCheck"/>
<error line="65" column="25" severity="error" message="&apos;for rcurly&apos; has incorrect indentation level 24, expected level should be 16." source="com.puppycrawl.tools.checkstyle.checks.indentation.IndentationCheck"/>
<error line="67" column="41" severity="error" message="&apos;if&apos; has incorrect indentation level 40, expected level should be 16." source="com.puppycrawl.tools.checkstyle.checks.indentation.IndentationCheck"/>
<error line="69" column="49" severity="error" message="&apos;if&apos; child has incorrect indentation level 48, expected level should be 20." source="com.puppycrawl.tools.checkstyle.checks.indentation.IndentationCheck"/>
<error line="71" column="41" severity="error" message="&apos;if rcurly&apos; has incorrect indentation level 40, expected level should be 16." source="com.puppycrawl.tools.checkstyle.checks.indentation.IndentationCheck"/>
<error line="71" column="41" severity="error" message="&apos;}&apos; at column 6 should be on the same line as the next part of a multi-block statement (one that directly contains multiple blocks: if/else-if/else, do/while or try/catch/finally)." source="com.puppycrawl.tools.checkstyle.checks.blocks.RightCurlyCheck"/>
<error line="72" column="41" severity="error" message="&apos;else&apos; has incorrect indentation level 40, expected level should be 16." source="com.puppycrawl.tools.checkstyle.checks.indentation.IndentationCheck"/>
<error line="74" column="49" severity="error" message="&apos;else&apos; child has incorrect indentation level 48, expected level should be 20." source="com.puppycrawl.tools.checkstyle.checks.indentation.IndentationCheck"/>
<error line="74" column="107" severity="error" message="&apos;+&apos; is not preceded with whitespace." source="com.puppycrawl.tools.checkstyle.checks.whitespace.WhitespaceAroundCheck"/>
<error line="76" column="41" severity="error" message="&apos;else rcurly&apos; has incorrect indentation level 40, expected level should be 16." source="com.puppycrawl.tools.checkstyle.checks.indentation.IndentationCheck"/>
<error line="78" column="9" severity="error" message="&apos;for&apos; child has incorrect indentation level 8, expected level should be 16." source="com.puppycrawl.tools.checkstyle.checks.indentation.IndentationCheck"/>
<error line="80" column="25" severity="error" message="&apos;for rcurly&apos; has incorrect indentation level 24, expected level should be 12." source="com.puppycrawl.tools.checkstyle.checks.indentation.IndentationCheck"/>
<error line="81" column="17" severity="error" message="&apos;if rcurly&apos; has incorrect indentation level 16, expected level should be 8." source="com.puppycrawl.tools.checkstyle.checks.indentation.IndentationCheck"/>
<error line="82" column="9" severity="error" message="&apos;method def rcurly&apos; has incorrect indentation level 8, expected level should be 4." source="com.puppycrawl.tools.checkstyle.checks.indentation.IndentationCheck"/>
</file>
<file name="/Users/biranchiranjanparida/Documents/Swapna/Amazon_web/src/test/java/com/amazon/web/testcases/LoginTest.java">
<error line="11" column="1" severity="error" message="Missing a Javadoc comment." source="com.puppycrawl.tools.checkstyle.checks.javadoc.MissingJavadocTypeCheck"/>
</file>
<file name="/Users/biranchiranjanparida/Documents/Swapna/Amazon_web/src/test/java/com/amazon/web/testcases/AddToCartTest.java">
<error line="13" column="1" severity="error" message="Missing a Javadoc comment." source="com.puppycrawl.tools.checkstyle.checks.javadoc.MissingJavadocTypeCheck"/>
<error line="18" column="5" severity="error" message="Missing a Javadoc comment." source="com.puppycrawl.tools.checkstyle.checks.javadoc.MissingJavadocMethodCheck"/>
<error line="24" column="5" severity="error" message="Missing a Javadoc comment." source="com.puppycrawl.tools.checkstyle.checks.javadoc.MissingJavadocMethodCheck"/>
<error line="31" column="5" severity="error" message="Missing a Javadoc comment." source="com.puppycrawl.tools.checkstyle.checks.javadoc.MissingJavadocMethodCheck"/>
</file>
<file name="/Users/biranchiranjanparida/Documents/Swapna/Amazon_web/src/test/java/com/amazon/web/testcases/SearchItemTest.java">
<error line="1" severity="error" message="File does not end with a newline." source="com.puppycrawl.tools.checkstyle.checks.NewlineAtEndOfFileCheck"/>
<error line="12" column="1" severity="error" message="Missing a Javadoc comment." source="com.puppycrawl.tools.checkstyle.checks.javadoc.MissingJavadocTypeCheck"/>
<error line="15" column="5" severity="error" message="Missing a Javadoc comment." source="com.puppycrawl.tools.checkstyle.checks.javadoc.JavadocVariableCheck"/>
<error line="15" column="5" severity="error" message="Variable access definition in wrong order." source="com.puppycrawl.tools.checkstyle.checks.coding.DeclarationOrderCheck"/>
<error line="15" column="25" severity="error" message="Variable &apos;addToCart&apos; must be private and have accessor methods." source="com.puppycrawl.tools.checkstyle.checks.design.VisibilityModifierCheck"/>
<error line="17" column="5" severity="error" message="Missing a Javadoc comment." source="com.puppycrawl.tools.checkstyle.checks.javadoc.MissingJavadocMethodCheck"/>
<error line="23" column="5" severity="error" message="Missing a Javadoc comment." source="com.puppycrawl.tools.checkstyle.checks.javadoc.MissingJavadocMethodCheck"/>
<error line="49" column="26" severity="error" message="Inner assignments should be avoided." source="com.puppycrawl.tools.checkstyle.checks.coding.InnerAssignmentCheck"/>
<error line="53" column="5" severity="error" message="Missing a Javadoc comment." source="com.puppycrawl.tools.checkstyle.checks.javadoc.MissingJavadocMethodCheck"/>
</file>
</checkstyle>
